Some messages have been moved to the Issues panel.
sw.js:47 fetching event FetchEvent {isTrusted: true, request: Request, clientId: "2f0f6f32-1594-490a-a92f-4fd9ab92285a", resultingClientId: "", isReload: false, …}
sw.js:47 fetching event FetchEvent {isTrusted: true, request: Request, clientId: "2f0f6f32-1594-490a-a92f-4fd9ab92285a", resultingClientId: "", isReload: false, …}
sw.js:47 fetching event FetchEvent {isTrusted: true, request: Request, clientId: "2f0f6f32-1594-490a-a92f-4fd9ab92285a", resultingClientId: "", isReload: false, …}
sw.js:53 (2) ["static-site-v1", "dynamic-site-v1"]
sw.js:64 Caching Assets
sw.js:53 (2) ["static-site-v1", "dynamic-site-v1"]
sw.js:64 Caching Assets
sw.js:53 (2) ["static-site-v1", "dynamic-site-v1"]
sw.js:64 Caching Assets
sw.js:47 fetching event FetchEvent {isTrusted: true, request: Request, clientId: "2f0f6f32-1594-490a-a92f-4fd9ab92285a", resultingClientId: "", isReload: false, …}
sw.js:53 (2) ["static-site-v1", "dynamic-site-v1"]
sw.js:64 Caching Assets
sw.js:47 fetching event FetchEvent {isTrusted: true, request: Request, clientId: "2f0f6f32-1594-490a-a92f-4fd9ab92285a", resultingClientId: "", isReload: false, …}
sw.js:47 fetching event FetchEvent {isTrusted: true, request: Request, clientId: "2f0f6f32-1594-490a-a92f-4fd9ab92285a", resultingClientId: "", isReload: false, …}
sw.js:53 (2) ["static-site-v1", "dynamic-site-v1"]
sw.js:64 Caching Assets
sw.js:53 (2) ["static-site-v1", "dynamic-site-v1"]
sw.js:64 Caching Assets
sw.js:47 fetching event FetchEvent {isTrusted: true, request: Request, clientId: "2f0f6f32-1594-490a-a92f-4fd9ab92285a", resultingClientId: "", isReload: false, …}
sw.js:53 (2) ["static-site-v1", "dynamic-site-v1"]
sw.js:64 Caching Assets
sw.js:47 fetching event FetchEvent {isTrusted: true, request: Request, clientId: "2f0f6f32-1594-490a-a92f-4fd9ab92285a", resultingClientId: "", isReload: false, …}
sw.js:53 (2) ["static-site-v1", "dynamic-site-v1"]
sw.js:64 Caching Assets
sw.js:47 fetching event FetchEvent {isTrusted: true, request: Request, clientId: "2f0f6f32-1594-490a-a92f-4fd9ab92285a", resultingClientId: "", isReload: false, …}
sw.js:53 (2) ["static-site-v1", "dynamic-site-v1"]
sw.js:64 Caching Assets
sw.js:47 fetching event FetchEvent {isTrusted: true, request: Request, clientId: "2f0f6f32-1594-490a-a92f-4fd9ab92285a", resultingClientId: "", isReload: false, …}
sw.js:53 (2) ["static-site-v1", "dynamic-site-v1"]
sw.js:64 Caching Assets
VM18:36 Service Worker Successfully registered ServiceWorkerRegistration {installing: null, waiting: null, active: ServiceWorker, navigationPreload: NavigationPreloadManager, scope: "http://localhost:3000/", …}
log.js:24 [HMR] Waiting for update signal from WDS...
sw.js:47 fetching event FetchEvent {isTrusted: true, request: Request, clientId: "2f0f6f32-1594-490a-a92f-4fd9ab92285a", resultingClientId: "", isReload: false, …}
sw.js:53 (2) ["static-site-v1", "dynamic-site-v1"]
sw.js:64 Caching Assets
index.js:1 Warning: Failed prop type: The prop `to` is marked as required in `Link`, but its value is `undefined`.
    at Link (http://localhost:3000/static/js/0.chunk.js:36035:31)
    at Navbar (http://localhost:3000/static/js/main.chunk.js:846:1)
    at Router (http://localhost:3000/static/js/0.chunk.js:36269:30)
    at BrowserRouter (http://localhost:3000/static/js/0.chunk.js:35889:35)
    at div
    at App (http://localhost:3000/static/js/main.chunk.js:187:1)
console.<computed> @ index.js:1
printWarning @ react-jsx-dev-runtime.development.js:117
error @ react-jsx-dev-runtime.development.js:93
checkPropTypes @ react-jsx-dev-runtime.development.js:620
validatePropTypes @ react-jsx-dev-runtime.development.js:1072
jsxWithValidation @ react-jsx-dev-runtime.development.js:1192
render @ Navbar.js:34
finishClassComponent @ react-dom.development.js:17485
updateClassComponent @ react-dom.development.js:17435
beginWork @ react-dom.development.js:19073
beginWork$1 @ react-dom.development.js:23940
performUnitOfWork @ react-dom.development.js:22776
workLoopSync @ react-dom.development.js:22707
renderRootSync @ react-dom.development.js:22670
performSyncWorkOnRoot @ react-dom.development.js:22293
scheduleUpdateOnFiber @ react-dom.development.js:21881
updateContainer @ react-dom.development.js:25482
(anonymous) @ react-dom.development.js:26021
unbatchedUpdates @ react-dom.development.js:22431
legacyRenderSubtreeIntoContainer @ react-dom.development.js:26020
render @ react-dom.development.js:26103
(anonymous) @ index.js:6
./src/index.js @ index.js:13
__webpack_require__ @ bootstrap:851
fn @ bootstrap:150
1 @ setupSw.js:9
__webpack_require__ @ bootstrap:851
checkDeferredModules @ bootstrap:45
webpackJsonpCallback @ bootstrap:32
(anonymous) @ main.chunk.js:1
index.js:1 Warning: Invalid DOM property `class`. Did you mean `className`?
    at a
    at div
    at nav
    at div
    at Navbar (http://localhost:3000/static/js/main.chunk.js:846:1)
    at Router (http://localhost:3000/static/js/0.chunk.js:36269:30)
    at BrowserRouter (http://localhost:3000/static/js/0.chunk.js:35889:35)
    at div
    at App (http://localhost:3000/static/js/main.chunk.js:187:1)
console.<computed> @ index.js:1
printWarning @ react-dom.development.js:67
error @ react-dom.development.js:43
validateProperty$1 @ react-dom.development.js:3505
warnUnknownProperties @ react-dom.development.js:3559
validateProperties$2 @ react-dom.development.js:3583
validatePropertiesInDevelopment @ react-dom.development.js:8765
setInitialProperties @ react-dom.development.js:9041
finalizeInitialChildren @ react-dom.development.js:10201
completeWork @ react-dom.development.js:19470
completeUnitOfWork @ react-dom.development.js:22815
performUnitOfWork @ react-dom.development.js:22787
workLoopSync @ react-dom.development.js:22707
renderRootSync @ react-dom.development.js:22670
performSyncWorkOnRoot @ react-dom.development.js:22293
scheduleUpdateOnFiber @ react-dom.development.js:21881
updateContainer @ react-dom.development.js:25482
(anonymous) @ react-dom.development.js:26021
unbatchedUpdates @ react-dom.development.js:22431
legacyRenderSubtreeIntoContainer @ react-dom.development.js:26020
render @ react-dom.development.js:26103
(anonymous) @ index.js:6
./src/index.js @ index.js:13
__webpack_require__ @ bootstrap:851
fn @ bootstrap:150
1 @ setupSw.js:9
__webpack_require__ @ bootstrap:851
checkDeferredModules @ bootstrap:45
webpackJsonpCallback @ bootstrap:32
(anonymous) @ main.chunk.js:1
Home.js:27 []
sw.js:47 fetching event FetchEvent {isTrusted: true, request: Request, clientId: "2f0f6f32-1594-490a-a92f-4fd9ab92285a", resultingClientId: "", isReload: false, …}
sw.js:53 (2) ["static-site-v1", "dynamic-site-v1"]
sw.js:64 Caching Assets
setupSw.js:4 ServiceWorker was registered[object ServiceWorkerRegistration]
sw.js:47 fetching event FetchEvent {isTrusted: true, request: Request, clientId: "2f0f6f32-1594-490a-a92f-4fd9ab92285a", resultingClientId: "", isReload: false, …}
sw.js:53 (2) ["static-site-v1", "dynamic-site-v1"]
sw.js:64 Caching Assets
sw.js:47 fetching event FetchEvent {isTrusted: true, request: Request, clientId: "2f0f6f32-1594-490a-a92f-4fd9ab92285a", resultingClientId: "", isReload: false, …}
sw.js:53 (2) ["static-site-v1", "dynamic-site-v1"]
sw.js:64 Caching Assets
webpackHotDevClient.js:138 src\App.js
  Line 2:35:  'Switch' is defined but never used  no-unused-vars

src\components\Navbar.js
  Line 13:17:  The href attribute requires a valid value to be accessible. Provide a valid, navigable address as the href value. If you cannot provide a valid href, but still need the element to resemble a link, use a button and change it with appropriate styles. Learn more: https://github.com/evcohen/eslint-plugin-jsx-a11y/blob/master/docs/rules/anchor-is-valid.md  jsx-a11y/anchor-is-valid

src\components\Newsbox.js
  Line 17:17:  img elements must have an alt prop, either with meaningful text, or an empty string for decorative images  jsx-a11y/alt-text

src\components\Pages\Health.js
  Line 3:7:  'NewsAPI' is assigned a value but never used  no-unused-vars
printWarnings @ webpackHotDevClient.js:138
handleWarnings @ webpackHotDevClient.js:143
push../node_modules/react-dev-utils/webpackHotDevClient.js.connection.onmessage @ webpackHotDevClient.js:210
Home.js:27 (20) [{…}, {…}, {…}, {…}, {…}, {…}, {…}, {…}, {…}, {…}, {…}, {…}, {…}, {…}, {…}, {…}, {…}, {…}, {…}, {…}]
index.js:1 Warning: Each child in a list should have a unique "key" prop.

Check the render method of `Newsbox`. See https://reactjs.org/link/warning-keys for more information.
    at article
    at Newsbox (http://localhost:3000/static/js/main.chunk.js:1155:1)
    at div
    at Home (http://localhost:3000/static/js/main.chunk.js:695:5)
    at Route (http://localhost:3000/static/js/0.chunk.js:36634:29)
    at Router (http://localhost:3000/static/js/0.chunk.js:36269:30)
    at BrowserRouter (http://localhost:3000/static/js/0.chunk.js:35889:35)
    at div
    at App (http://localhost:3000/static/js/main.chunk.js:187:1)
console.<computed> @ index.js:1
printWarning @ react-jsx-dev-runtime.development.js:117
error @ react-jsx-dev-runtime.development.js:93
validateExplicitKey @ react-jsx-dev-runtime.development.js:986
validateChildKeys @ react-jsx-dev-runtime.development.js:1013
jsxWithValidation @ react-jsx-dev-runtime.development.js:1184
render @ Newsbox.js:5
finishClassComponent @ react-dom.development.js:17485
updateClassComponent @ react-dom.development.js:17435
beginWork @ react-dom.development.js:19073
beginWork$1 @ react-dom.development.js:23940
performUnitOfWork @ react-dom.development.js:22776
workLoopSync @ react-dom.development.js:22707
renderRootSync @ react-dom.development.js:22670
performSyncWorkOnRoot @ react-dom.development.js:22293
(anonymous) @ react-dom.development.js:11327
unstable_runWithPriority @ scheduler.development.js:646
runWithPriority$1 @ react-dom.development.js:11276
flushSyncCallbackQueueImpl @ react-dom.development.js:11322
flushSyncCallbackQueue @ react-dom.development.js:11309
scheduleUpdateOnFiber @ react-dom.development.js:21893
enqueueSetState @ react-dom.development.js:12467
push../node_modules/react/cjs/react.development.js.Component.setState @ react.development.js:365
getArticles @ Home.js:17
async function (async)
getArticles @ Home.js:15
componentDidMount @ Home.js:23
commitLifeCycles @ react-dom.development.js:20663
commitLayoutEffects @ react-dom.development.js:23426
callCallback @ react-dom.development.js:3945
invokeGuardedCallbackDev @ react-dom.development.js:3994
invokeGuardedCallback @ react-dom.development.js:4056
commitRootImpl @ react-dom.development.js:23151
unstable_runWithPriority @ scheduler.development.js:646
runWithPriority$1 @ react-dom.development.js:11276
commitRoot @ react-dom.development.js:22990
performSyncWorkOnRoot @ react-dom.development.js:22329
scheduleUpdateOnFiber @ react-dom.development.js:21881
updateContainer @ react-dom.development.js:25482
(anonymous) @ react-dom.development.js:26021
unbatchedUpdates @ react-dom.development.js:22431
legacyRenderSubtreeIntoContainer @ react-dom.development.js:26020
render @ react-dom.development.js:26103
(anonymous) @ index.js:6
./src/index.js @ index.js:13
__webpack_require__ @ bootstrap:851
fn @ bootstrap:150
1 @ setupSw.js:9
__webpack_require__ @ bootstrap:851
checkDeferredModules @ bootstrap:45
webpackJsonpCallback @ bootstrap:32
(anonymous) @ main.chunk.js:1
Home.js:20 {source: {…}, author: "Liam James", title: "Covid news – live: Boris Johnson ‘optimistic’ on 2… anxiety’ in hospitality sector - The Independent", description: "Follow the latest pandemic news", url: "https://www.independent.co.uk/news/health/covid-uk-news-live-lockdown-roadmap-update-b1805968.html", …}
sw.js:47 fetching event FetchEvent {isTrusted: true, request: Request, clientId: "2f0f6f32-1594-490a-a92f-4fd9ab92285a", resultingClientId: "", isReload: false, …}
sw.js:47 fetching event FetchEvent {isTrusted: true, request: Request, clientId: "2f0f6f32-1594-490a-a92f-4fd9ab92285a", resultingClientId: "", isReload: false, …}
sw.js:47 fetching event FetchEvent {isTrusted: true, request: Request, clientId: "2f0f6f32-1594-490a-a92f-4fd9ab92285a", resultingClientId: "", isReload: false, …}
sw.js:53 (2) ["static-site-v1", "dynamic-site-v1"]
sw.js:64 Caching Assets
sw.js:53 (2) ["static-site-v1", "dynamic-site-v1"]
sw.js:64 Caching Assets
sw.js:53 (2) ["static-site-v1", "dynamic-site-v1"]
sw.js:64 Caching Assets
sw.js:47 fetching event FetchEvent {isTrusted: true, request: Request, clientId: "2f0f6f32-1594-490a-a92f-4fd9ab92285a", resultingClientId: "", isReload: false, …}
sw.js:53 (2) ["static-site-v1", "dynamic-site-v1"]
sw.js:64 Caching Assets
sw.js:47 fetching event FetchEvent {isTrusted: true, request: Request, clientId: "2f0f6f32-1594-490a-a92f-4fd9ab92285a", resultingClientId: "", isReload: false, …}
sw.js:47 fetching event FetchEvent {isTrusted: true, request: Request, clientId: "2f0f6f32-1594-490a-a92f-4fd9ab92285a", resultingClientId: "", isReload: false, …}
sw.js:53 (2) ["static-site-v1", "dynamic-site-v1"]
sw.js:64 Caching Assets
sw.js:53 (2) ["static-site-v1", "dynamic-site-v1"]
sw.js:64 Caching Assets
sw.js:47 fetching event FetchEvent {isTrusted: true, request: Request, clientId: "2f0f6f32-1594-490a-a92f-4fd9ab92285a", resultingClientId: "", isReload: false, …}
sw.js:53 (2) ["static-site-v1", "dynamic-site-v1"]
sw.js:64 Caching Assets
sw.js:47 fetching event FetchEvent {isTrusted: true, request: Request, clientId: "2f0f6f32-1594-490a-a92f-4fd9ab92285a", resultingClientId: "", isReload: false, …}
sw.js:53 (2) ["static-site-v1", "dynamic-site-v1"]
sw.js:64 Caching Assets
sw.js:47 fetching event FetchEvent {isTrusted: true, request: Request, clientId: "2f0f6f32-1594-490a-a92f-4fd9ab92285a", resultingClientId: "", isReload: false, …}
sw.js:53 (2) ["static-site-v1", "dynamic-site-v1"]
sw.js:64 Caching Assets
sw.js:47 fetching event FetchEvent {isTrusted: true, request: Request, clientId: "2f0f6f32-1594-490a-a92f-4fd9ab92285a", resultingClientId: "", isReload: false, …}
sw.js:53 (2) ["static-site-v1", "dynamic-site-v1"]
sw.js:64 Caching Assets
sw.js:47 fetching event FetchEvent {isTrusted: true, request: Request, clientId: "2f0f6f32-1594-490a-a92f-4fd9ab92285a", resultingClientId: "", isReload: false, …}
sw.js:53 (2) ["static-site-v1", "dynamic-site-v1"]
sw.js:64 Caching Assets
sw.js:47 fetching event FetchEvent {isTrusted: true, request: Request, clientId: "2f0f6f32-1594-490a-a92f-4fd9ab92285a", resultingClientId: "", isReload: false, …}
sw.js:53 (2) ["static-site-v1", "dynamic-site-v1"]
sw.js:64 Caching Assets
sw.js:47 fetching event FetchEvent {isTrusted: true, request: Request, clientId: "2f0f6f32-1594-490a-a92f-4fd9ab92285a", resultingClientId: "", isReload: false, …}
sw.js:53 (2) ["static-site-v1", "dynamic-site-v1"]
sw.js:64 Caching Assets
sw.js:47 fetching event FetchEvent {isTrusted: true, request: Request, clientId: "2f0f6f32-1594-490a-a92f-4fd9ab92285a", resultingClientId: "", isReload: false, …}
sw.js:53 (2) ["static-site-v1", "dynamic-site-v1"]
sw.js:64 Caching Assets
sw.js:47 fetching event FetchEvent {isTrusted: true, request: Request, clientId: "2f0f6f32-1594-490a-a92f-4fd9ab92285a", resultingClientId: "", isReload: false, …}
sw.js:53 (2) ["static-site-v1", "dynamic-site-v1"]
sw.js:64 Caching Assets
sw.js:47 fetching event FetchEvent {isTrusted: true, request: Request, clientId: "2f0f6f32-1594-490a-a92f-4fd9ab92285a", resultingClientId: "", isReload: false, …}
sw.js:53 (2) ["static-site-v1", "dynamic-site-v1"]
sw.js:64 Caching Assets
sw.js:47 fetching event FetchEvent {isTrusted: true, request: Request, clientId: "2f0f6f32-1594-490a-a92f-4fd9ab92285a", resultingClientId: "", isReload: false, …}
sw.js:53 (2) ["static-site-v1", "dynamic-site-v1"]
sw.js:64 Caching Assets
sw.js:47 fetching event FetchEvent {isTrusted: true, request: Request, clientId: "2f0f6f32-1594-490a-a92f-4fd9ab92285a", resultingClientId: "", isReload: false, …}
sw.js:53 (2) ["static-site-v1", "dynamic-site-v1"]
sw.js:64 Caching Assets
sw.js:47 fetching event FetchEvent {isTrusted: true, request: Request, clientId: "2f0f6f32-1594-490a-a92f-4fd9ab92285a", resultingClientId: "", isReload: false, …}
sw.js:53 (2) ["static-site-v1", "dynamic-site-v1"]
sw.js:64 Caching Assets
sw.js:47 fetching event FetchEvent {isTrusted: true, request: Request, clientId: "2f0f6f32-1594-490a-a92f-4fd9ab92285a", resultingClientId: "", isReload: false, …}
sw.js:53 (2) ["static-site-v1", "dynamic-site-v1"]
sw.js:64 Caching Assets
sw.js:47 fetching event FetchEvent {isTrusted: true, request: Request, clientId: "2f0f6f32-1594-490a-a92f-4fd9ab92285a", resultingClientId: "", isReload: false, …}
sw.js:53 (2) ["static-site-v1", "dynamic-site-v1"]
sw.js:64 Caching Assets
